Performing C SOURCE FILE Test CMAKE_HAVE_LIBC_PTHREAD failed with the following output:
Change Dir: /home/uho/workspace/Vitis-AI/tools/Vitis-AI-Library/tmp_build_target/CMakeFiles/CMakeTmp

Run Build Command(s):/usr/bin/make cmTC_14ad7/fast && /usr/bin/make -f CMakeFiles/cmTC_14ad7.dir/build.make CMakeFiles/cmTC_14ad7.dir/build
make[1]: Entering directory '/home/uho/workspace/Vitis-AI/tools/Vitis-AI-Library/tmp_build_target/CMakeFiles/CMakeTmp'
Building C object CMakeFiles/cmTC_14ad7.dir/src.c.o
/home/uho/downloaded/peta_sdk/sysroots/x86_64-petalinux-linux/usr/bin/aarch64-xilinx-linux/aarch64-xilinx-linux-gcc   -march=armv8-a+crc -mtune=cortex-a72.cortex-a53 --sysroot=/home/uho/downloaded/peta_sdk/sysroots/aarch64-xilinx-linux --sysroot=/home/uho/downloaded/peta_sdk/sysroots/aarch64-xilinx-linux   -O2 -pipe -g -feliminate-unused-debug-types  -Wall -Werror -DCMAKE_HAVE_LIBC_PTHREAD   -o CMakeFiles/cmTC_14ad7.dir/src.c.o   -c /home/uho/workspace/Vitis-AI/tools/Vitis-AI-Library/tmp_build_target/CMakeFiles/CMakeTmp/src.c
Linking C executable cmTC_14ad7
/home/uho/downloaded/peta_sdk/sysroots/x86_64-petalinux-linux/usr/bin/cmake -E cmake_link_script CMakeFiles/cmTC_14ad7.dir/link.txt --verbose=1
/home/uho/downloaded/peta_sdk/sysroots/x86_64-petalinux-linux/usr/bin/aarch64-xilinx-linux/aarch64-xilinx-linux-gcc   -march=armv8-a+crc -mtune=cortex-a72.cortex-a53 --sysroot=/home/uho/downloaded/peta_sdk/sysroots/aarch64-xilinx-linux --sysroot=/home/uho/downloaded/peta_sdk/sysroots/aarch64-xilinx-linux  -O2 -pipe -g -feliminate-unused-debug-types  -Wall -Werror -DCMAKE_HAVE_LIBC_PTHREAD  -Wl,-O1 -Wl,--hash-style=gnu -Wl,--as-needed  CMakeFiles/cmTC_14ad7.dir/src.c.o  -o cmTC_14ad7 
/home/uho/downloaded/peta_sdk/sysroots/x86_64-petalinux-linux/usr/libexec/aarch64-xilinx-linux/gcc/aarch64-xilinx-linux/9.2.0/real-ld: CMakeFiles/cmTC_14ad7.dir/src.c.o: in function `main':
/home/uho/workspace/Vitis-AI/tools/Vitis-AI-Library/tmp_build_target/CMakeFiles/CMakeTmp/src.c:11: undefined reference to `pthread_create'
/home/uho/downloaded/peta_sdk/sysroots/x86_64-petalinux-linux/usr/libexec/aarch64-xilinx-linux/gcc/aarch64-xilinx-linux/9.2.0/real-ld: /home/uho/workspace/Vitis-AI/tools/Vitis-AI-Library/tmp_build_target/CMakeFiles/CMakeTmp/src.c:12: undefined reference to `pthread_detach'
/home/uho/downloaded/peta_sdk/sysroots/x86_64-petalinux-linux/usr/libexec/aarch64-xilinx-linux/gcc/aarch64-xilinx-linux/9.2.0/real-ld: /home/uho/workspace/Vitis-AI/tools/Vitis-AI-Library/tmp_build_target/CMakeFiles/CMakeTmp/src.c:13: undefined reference to `pthread_join'
collect2: error: ld returned 1 exit status
CMakeFiles/cmTC_14ad7.dir/build.make:86: recipe for target 'cmTC_14ad7' failed
make[1]: *** [cmTC_14ad7] Error 1
make[1]: Leaving directory '/home/uho/workspace/Vitis-AI/tools/Vitis-AI-Library/tmp_build_target/CMakeFiles/CMakeTmp'
Makefile:121: recipe for target 'cmTC_14ad7/fast' failed
make: *** [cmTC_14ad7/fast] Error 2


Source file was:
#include <pthread.h>

void* test_func(void* data)
{
  return data;
}

int main(void)
{
  pthread_t thread;
  pthread_create(&thread, NULL, test_func, NULL);
  pthread_detach(thread);
  pthread_join(thread, NULL);
  pthread_atfork(NULL, NULL, NULL);
  pthread_exit(NULL);

  return 0;
}

Determining if the function pthread_create exists in the pthreads failed with the following output:
Change Dir: /home/uho/workspace/Vitis-AI/tools/Vitis-AI-Library/tmp_build_target/CMakeFiles/CMakeTmp

Run Build Command(s):/usr/bin/make cmTC_40a05/fast && /usr/bin/make -f CMakeFiles/cmTC_40a05.dir/build.make CMakeFiles/cmTC_40a05.dir/build
make[1]: Entering directory '/home/uho/workspace/Vitis-AI/tools/Vitis-AI-Library/tmp_build_target/CMakeFiles/CMakeTmp'
Building C object CMakeFiles/cmTC_40a05.dir/CheckFunctionExists.c.o
/home/uho/downloaded/peta_sdk/sysroots/x86_64-petalinux-linux/usr/bin/aarch64-xilinx-linux/aarch64-xilinx-linux-gcc   -march=armv8-a+crc -mtune=cortex-a72.cortex-a53 --sysroot=/home/uho/downloaded/peta_sdk/sysroots/aarch64-xilinx-linux --sysroot=/home/uho/downloaded/peta_sdk/sysroots/aarch64-xilinx-linux   -O2 -pipe -g -feliminate-unused-debug-types  -Wall -Werror -DCHECK_FUNCTION_EXISTS=pthread_create   -o CMakeFiles/cmTC_40a05.dir/CheckFunctionExists.c.o   -c /home/uho/downloaded/peta_sdk/sysroots/x86_64-petalinux-linux/usr/share/cmake-3.15/Modules/CheckFunctionExists.c
Linking C executable cmTC_40a05
/home/uho/downloaded/peta_sdk/sysroots/x86_64-petalinux-linux/usr/bin/cmake -E cmake_link_script CMakeFiles/cmTC_40a05.dir/link.txt --verbose=1
/home/uho/downloaded/peta_sdk/sysroots/x86_64-petalinux-linux/usr/bin/aarch64-xilinx-linux/aarch64-xilinx-linux-gcc   -march=armv8-a+crc -mtune=cortex-a72.cortex-a53 --sysroot=/home/uho/downloaded/peta_sdk/sysroots/aarch64-xilinx-linux --sysroot=/home/uho/downloaded/peta_sdk/sysroots/aarch64-xilinx-linux  -O2 -pipe -g -feliminate-unused-debug-types  -Wall -Werror -DCHECK_FUNCTION_EXISTS=pthread_create  -Wl,-O1 -Wl,--hash-style=gnu -Wl,--as-needed  CMakeFiles/cmTC_40a05.dir/CheckFunctionExists.c.o  -o cmTC_40a05 -lpthreads 
/home/uho/downloaded/peta_sdk/sysroots/x86_64-petalinux-linux/usr/libexec/aarch64-xilinx-linux/gcc/aarch64-xilinx-linux/9.2.0/real-ld: cannot find -lpthreads
collect2: error: ld returned 1 exit status
CMakeFiles/cmTC_40a05.dir/build.make:86: recipe for target 'cmTC_40a05' failed
make[1]: *** [cmTC_40a05] Error 1
make[1]: Leaving directory '/home/uho/workspace/Vitis-AI/tools/Vitis-AI-Library/tmp_build_target/CMakeFiles/CMakeTmp'
Makefile:121: recipe for target 'cmTC_40a05/fast' failed
make: *** [cmTC_40a05/fast] Error 2



